INFO:     Started server process [4260]
INFO:     Waiting for application startup.
INFO:     Application startup complete.
INFO:     Uvicorn running on http://127.0.0.1:8000 (Press CTRL+C to quit)
--- Logging error ---
Traceback (most recent call last):
  File "C:\Program Files\Python312\Lib\logging\__init__.py", line 1163, in emit
    stream.write(msg + self.terminator)
  File "C:\Program Files\Python312\Lib\encodings\cp1258.py", line 19, in encode
    return codecs.charmap_encode(input,self.errors,encoding_table)[0]
           ^^^^^^^^^^^^^^^^^^^^^^^^^^^^^^^^^^^^^^^^^^^^^^^^^^^^^^^
UnicodeEncodeError: 'charmap' codec can't encode character '\u1ec9' in position 184: character maps to <undefined>
Call stack:
  File "C:\Program Files\Python312\Lib\threading.py", line 1032, in _bootstrap
    self._bootstrap_inner()
  File "C:\Program Files\Python312\Lib\threading.py", line 1075, in _bootstrap_inner
    self.run()
  File "C:\Users\ngand\AppData\Roaming\Python\Python312\site-packages\anyio\_backends\_asyncio.py", line 914, in run
    result = context.run(func, *args)
  File "C:\Users\ngand\OneDrive\Ta岥 li膷u\HRM\app\routers\nghi_phep_router.py", line 57, in create_don_nghi_phep
    data = NghiPhepService(session).create_don(payload, current_user)
  File "C:\Users\ngand\OneDrive\Ta岥 li膷u\HRM\app\services\nghi_phep_service.py", line 97, in create_don
    self.session.commit()
  File "C:\Users\ngand\AppData\Roaming\Python\Python312\site-packages\sqlalchemy\orm\session.py", line 2032, in commit
    trans.commit(_to_root=True)
  File "<string>", line 2, in commit
  File "C:\Users\ngand\AppData\Roaming\Python\Python312\site-packages\sqlalchemy\orm\state_changes.py", line 139, in _go
    ret_value = fn(self, *arg, **kw)
  File "C:\Users\ngand\AppData\Roaming\Python\Python312\site-packages\sqlalchemy\orm\session.py", line 1313, in commit
    self._prepare_impl()
  File "<string>", line 2, in _prepare_impl
  File "C:\Users\ngand\AppData\Roaming\Python\Python312\site-packages\sqlalchemy\orm\state_changes.py", line 139, in _go
    ret_value = fn(self, *arg, **kw)
  File "C:\Users\ngand\AppData\Roaming\Python\Python312\site-packages\sqlalchemy\orm\session.py", line 1288, in _prepare_impl
    self.session.flush()
  File "C:\Users\ngand\AppData\Roaming\Python\Python312\site-packages\sqlalchemy\orm\session.py", line 4353, in flush
    self._flush(objects)
  File "C:\Users\ngand\AppData\Roaming\Python\Python312\site-packages\sqlalchemy\orm\session.py", line 4449, in _flush
    flush_context.execute()
  File "C:\Users\ngand\AppData\Roaming\Python\Python312\site-packages\sqlalchemy\orm\unitofwork.py", line 466, in execute
    rec.execute(self)
  File "C:\Users\ngand\AppData\Roaming\Python\Python312\site-packages\sqlalchemy\orm\unitofwork.py", line 642, in execute
    util.preloaded.orm_persistence.save_obj(
  File "C:\Users\ngand\AppData\Roaming\Python\Python312\site-packages\sqlalchemy\orm\persistence.py", line 93, in save_obj
    _emit_insert_statements(
  File "C:\Users\ngand\AppData\Roaming\Python\Python312\site-packages\sqlalchemy\orm\persistence.py", line 1048, in _emit_insert_statements
    result = connection.execute(
  File "C:\Users\ngand\AppData\Roaming\Python\Python312\site-packages\sqlalchemy\engine\base.py", line 1416, in execute
    return meth(
  File "C:\Users\ngand\AppData\Roaming\Python\Python312\site-packages\sqlalchemy\sql\elements.py", line 515, in _execute_on_connection
    return connection._execute_clauseelement(
  File "C:\Users\ngand\AppData\Roaming\Python\Python312\site-packages\sqlalchemy\engine\base.py", line 1638, in _execute_clauseelement
    ret = self._execute_context(
  File "C:\Users\ngand\AppData\Roaming\Python\Python312\site-packages\sqlalchemy\engine\base.py", line 1843, in _execute_context
    return self._exec_single_context(
  File "C:\Users\ngand\AppData\Roaming\Python\Python312\site-packages\sqlalchemy\engine\base.py", line 1901, in _exec_single_context
    self._log_info(
  File "C:\Users\ngand\AppData\Roaming\Python\Python312\site-packages\sqlalchemy\engine\base.py", line 190, in _log_info
    self.engine.logger.info(message, *arg, **kw)
  File "C:\Users\ngand\AppData\Roaming\Python\Python312\site-packages\sqlalchemy\log.py", line 159, in info
    self.log(logging.INFO, msg, *args, **kwargs)
  File "C:\Users\ngand\AppData\Roaming\Python\Python312\site-packages\sqlalchemy\log.py", line 210, in log
    self.logger._log(level, msg, args, **kwargs)
Message: '[%s] %r'
Arguments: ('cached since 652.5s ago', ('DNP-089cf88e8d7d', 'Phep nam', '2026-07-11 15:09:57.707957', '2026-07-11', '2026-07-12', 0, None, 'Ngh\u1ec9 ph廧', None, 'PENDING', 'NV001', 'QP-NV001-2026'))
