2026-07-11 14:58:25,638 INFO sqlalchemy.engine.Engine BEGIN (implicit)
2026-07-11 14:58:25,640 INFO sqlalchemy.engine.Engine PRAGMA main.table_info("BangCong")
2026-07-11 14:58:25,640 INFO sqlalchemy.engine.Engine [raw sql] ()
2026-07-11 14:58:25,643 INFO sqlalchemy.engine.Engine PRAGMA main.table_info("ChiTietCapNhatHoSo")
2026-07-11 14:58:25,643 INFO sqlalchemy.engine.Engine [raw sql] ()
2026-07-11 14:58:25,643 INFO sqlalchemy.engine.Engine PRAGMA main.table_info("DonGiaiTrinhCong")
2026-07-11 14:58:25,643 INFO sqlalchemy.engine.Engine [raw sql] ()
2026-07-11 14:58:25,645 INFO sqlalchemy.engine.Engine PRAGMA main.table_info("DonNghiPhep")
2026-07-11 14:58:25,645 INFO sqlalchemy.engine.Engine [raw sql] ()
2026-07-11 14:58:25,645 INFO sqlalchemy.engine.Engine PRAGMA main.table_info("DonNghiViec")
2026-07-11 14:58:25,645 INFO sqlalchemy.engine.Engine [raw sql] ()
2026-07-11 14:58:25,647 INFO sqlalchemy.engine.Engine PRAGMA main.table_info("GiaoNhanTaiSan")
2026-07-11 14:58:25,647 INFO sqlalchemy.engine.Engine [raw sql] ()
2026-07-11 14:58:25,647 INFO sqlalchemy.engine.Engine PRAGMA main.table_info("HopDong")
2026-07-11 14:58:25,647 INFO sqlalchemy.engine.Engine [raw sql] ()
2026-07-11 14:58:25,647 INFO sqlalchemy.engine.Engine PRAGMA main.table_info("LichHop")
2026-07-11 14:58:25,649 INFO sqlalchemy.engine.Engine [raw sql] ()
2026-07-11 14:58:25,649 INFO sqlalchemy.engine.Engine PRAGMA main.table_info("NhanVien")
2026-07-11 14:58:25,649 INFO sqlalchemy.engine.Engine [raw sql] ()
2026-07-11 14:58:25,649 INFO sqlalchemy.engine.Engine PRAGMA main.table_info("PhongHop")
2026-07-11 14:58:25,651 INFO sqlalchemy.engine.Engine [raw sql] ()
2026-07-11 14:58:25,651 INFO sqlalchemy.engine.Engine PRAGMA main.table_info("QuyPhep")
2026-07-11 14:58:25,651 INFO sqlalchemy.engine.Engine [raw sql] ()
2026-07-11 14:58:25,651 INFO sqlalchemy.engine.Engine PRAGMA main.table_info("Quyen")
2026-07-11 14:58:25,651 INFO sqlalchemy.engine.Engine [raw sql] ()
2026-07-11 14:58:25,653 INFO sqlalchemy.engine.Engine PRAGMA main.table_info("QuyetDinhNghiViec")
2026-07-11 14:58:25,653 INFO sqlalchemy.engine.Engine [raw sql] ()
2026-07-11 14:58:25,653 INFO sqlalchemy.engine.Engine PRAGMA main.table_info("TaiKhoan")
2026-07-11 14:58:25,653 INFO sqlalchemy.engine.Engine [raw sql] ()
2026-07-11 14:58:25,653 INFO sqlalchemy.engine.Engine PRAGMA main.table_info("TaiSan")
2026-07-11 14:58:25,653 INFO sqlalchemy.engine.Engine [raw sql] ()
2026-07-11 14:58:25,653 INFO sqlalchemy.engine.Engine PRAGMA main.table_info("ThongBao")
2026-07-11 14:58:25,653 INFO sqlalchemy.engine.Engine [raw sql] ()
2026-07-11 14:58:25,653 INFO sqlalchemy.engine.Engine PRAGMA main.table_info("VaiTro")
2026-07-11 14:58:25,653 INFO sqlalchemy.engine.Engine [raw sql] ()
2026-07-11 14:58:25,653 INFO sqlalchemy.engine.Engine PRAGMA main.table_info("VaiTro_Quyen")
2026-07-11 14:58:25,659 INFO sqlalchemy.engine.Engine [raw sql] ()
2026-07-11 14:58:25,659 INFO sqlalchemy.engine.Engine PRAGMA main.table_info("YeuCauCapNhatHoSo")
2026-07-11 14:58:25,659 INFO sqlalchemy.engine.Engine [raw sql] ()
2026-07-11 14:58:25,662 INFO sqlalchemy.engine.Engine COMMIT
INFO:     127.0.0.1:52211 - "GET /health HTTP/1.1" 200 OK
INFO:     127.0.0.1:52215 - "GET /health HTTP/1.1" 200 OK
2026-07-11 14:59:04,625 INFO sqlalchemy.engine.Engine BEGIN (implicit)
2026-07-11 14:59:04,678 INFO sqlalchemy.engine.Engine SELECT "TaiKhoan"."id_TaiKhoan", "TaiKhoan".email, "TaiKhoan"."matKhau", "TaiKhoan"."trangThai", "TaiKhoan"."ngayTao", "TaiKhoan"."id_VaiTro" 
FROM "TaiKhoan" 
WHERE "TaiKhoan".email = ?
2026-07-11 14:59:04,687 INFO sqlalchemy.engine.Engine [generated in 0.00063s] ('nhanvien@hicas.vn',)
INFO:     127.0.0.1:52222 - "POST /api/auth/login HTTP/1.1" 200 OK
2026-07-11 14:59:05,073 INFO sqlalchemy.engine.Engine ROLLBACK
2026-07-11 14:59:05,172 INFO sqlalchemy.engine.Engine BEGIN (implicit)
2026-07-11 14:59:05,173 INFO sqlalchemy.engine.Engine SELECT "TaiKhoan"."id_TaiKhoan", "TaiKhoan".email, "TaiKhoan"."matKhau", "TaiKhoan"."trangThai", "TaiKhoan"."ngayTao", "TaiKhoan"."id_VaiTro" 
FROM "TaiKhoan" 
WHERE "TaiKhoan"."id_TaiKhoan" = ?
2026-07-11 14:59:05,173 INFO sqlalchemy.engine.Engine [generated in 0.00066s] ('NV002',)
2026-07-11 14:59:05,175 INFO sqlalchemy.engine.Engine SELECT "QuyPhep"."id_QuyPhep", "QuyPhep"."id_NhanVien", "QuyPhep".nam, "QuyPhep"."tongQuyPhep", "QuyPhep"."soNgayDaDung", "QuyPhep"."soNgayChoDuyet", "QuyPhep"."ngayCapNhat", "QuyPhep"."trangThai" 
FROM "QuyPhep" 
WHERE "QuyPhep"."id_NhanVien" = ? AND "QuyPhep".nam = ?
2026-07-11 14:59:05,175 INFO sqlalchemy.engine.Engine [generated in 0.00068s] ('NV002', 2026)
INFO:     127.0.0.1:52222 - "GET /api/nghi-phep/bang-phep?nam=2026&page=1&size=20 HTTP/1.1" 200 OK
2026-07-11 14:59:05,183 INFO sqlalchemy.engine.Engine ROLLBACK
2026-07-11 14:59:05,191 INFO sqlalchemy.engine.Engine BEGIN (implicit)
2026-07-11 14:59:05,191 INFO sqlalchemy.engine.Engine SELECT "TaiKhoan"."id_TaiKhoan", "TaiKhoan".email, "TaiKhoan"."matKhau", "TaiKhoan"."trangThai", "TaiKhoan"."ngayTao", "TaiKhoan"."id_VaiTro" 
FROM "TaiKhoan" 
WHERE "TaiKhoan"."id_TaiKhoan" = ?
2026-07-11 14:59:05,191 INFO sqlalchemy.engine.Engine [cached since 0.02592s ago] ('NV002',)
2026-07-11 14:59:05,200 INFO sqlalchemy.engine.Engine SELECT "QuyPhep"."id_QuyPhep" AS "QuyPhep_id_QuyPhep", "QuyPhep"."id_NhanVien" AS "QuyPhep_id_NhanVien", "QuyPhep".nam AS "QuyPhep_nam", "QuyPhep"."tongQuyPhep" AS "QuyPhep_tongQuyPhep", "QuyPhep"."soNgayDaDung" AS "QuyPhep_soNgayDaDung", "QuyPhep"."soNgayChoDuyet" AS "QuyPhep_soNgayChoDuyet", "QuyPhep"."ngayCapNhat" AS "QuyPhep_ngayCapNhat", "QuyPhep"."trangThai" AS "QuyPhep_trangThai" 
FROM "QuyPhep" 
WHERE "QuyPhep"."id_QuyPhep" = ?
2026-07-11 14:59:05,200 INFO sqlalchemy.engine.Engine [generated in 0.00061s] ('QP-NV002-2026',)
2026-07-11 14:59:05,200 INFO sqlalchemy.engine.Engine UPDATE "QuyPhep" SET "soNgayChoDuyet"=? WHERE "QuyPhep"."id_QuyPhep" = ?
2026-07-11 14:59:05,208 INFO sqlalchemy.engine.Engine [generated in 0.00051s] (2.0, 'QP-NV002-2026')
2026-07-11 14:59:05,213 INFO sqlalchemy.engine.Engine INSERT INTO "DonNghiPhep" ("id_DonPhep", "loaiPhep", "ngayTao", "tuNgay", "denNgay", "trangThai", "lyDoTuChoi", "lyDo", "thoiGianDuyet", "nguoiDuyet", "id_NhanVien", "id_QuyPhep") VALUES (?, ?, ?, ?, ?, ?, ?, ?, ?, ?, ?, ?)
2026-07-11 14:59:05,213 INFO sqlalchemy.engine.Engine [generated in 0.00063s] ('DNP-59f6d634ec9b', 'Phep nam', '2026-07-11 14:59:05.200986', '2026-09-07', '2026-09-07', 0, None, 'Kiem thu luong tao va duyet nghi phep 145905', None, 'PENDING', 'NV002', 'QP-NV002-2026')
2026-07-11 14:59:05,213 INFO sqlalchemy.engine.Engine COMMIT
2026-07-11 14:59:05,224 INFO sqlalchemy.engine.Engine BEGIN (implicit)
2026-07-11 14:59:05,231 INFO sqlalchemy.engine.Engine SELECT "DonNghiPhep"."id_DonPhep", "DonNghiPhep"."loaiPhep", "DonNghiPhep"."ngayTao", "DonNghiPhep"."tuNgay", "DonNghiPhep"."denNgay", "DonNghiPhep"."trangThai", "DonNghiPhep"."lyDoTuChoi", "DonNghiPhep"."lyDo", "DonNghiPhep"."thoiGianDuyet", "DonNghiPhep"."nguoiDuyet", "DonNghiPhep"."id_NhanVien", "DonNghiPhep"."id_QuyPhep" 
FROM "DonNghiPhep" 
WHERE "DonNghiPhep"."id_DonPhep" = ?
2026-07-11 14:59:05,231 INFO sqlalchemy.engine.Engine [generated in 0.00053s] ('DNP-59f6d634ec9b',)
2026-07-11 14:59:05,233 INFO sqlalchemy.engine.Engine SELECT "TaiKhoan"."id_TaiKhoan" AS "TaiKhoan_id_TaiKhoan", "TaiKhoan".email AS "TaiKhoan_email", "TaiKhoan"."matKhau" AS "TaiKhoan_matKhau", "TaiKhoan"."trangThai" AS "TaiKhoan_trangThai", "TaiKhoan"."ngayTao" AS "TaiKhoan_ngayTao", "TaiKhoan"."id_VaiTro" AS "TaiKhoan_id_VaiTro" 
FROM "TaiKhoan" 
WHERE "TaiKhoan"."id_TaiKhoan" = ?
2026-07-11 14:59:05,233 INFO sqlalchemy.engine.Engine [generated in 0.00042s] ('NV002',)
INFO:     127.0.0.1:52222 - "POST /api/nghi-phep/don HTTP/1.1" 200 OK
2026-07-11 14:59:05,235 INFO sqlalchemy.engine.Engine ROLLBACK
2026-07-11 14:59:05,241 INFO sqlalchemy.engine.Engine BEGIN (implicit)
2026-07-11 14:59:05,243 INFO sqlalchemy.engine.Engine SELECT "TaiKhoan"."id_TaiKhoan", "TaiKhoan".email, "TaiKhoan"."matKhau", "TaiKhoan"."trangThai", "TaiKhoan"."ngayTao", "TaiKhoan"."id_VaiTro" 
FROM "TaiKhoan" 
WHERE "TaiKhoan"."id_TaiKhoan" = ?
2026-07-11 14:59:05,243 INFO sqlalchemy.engine.Engine [cached since 0.0722s ago] ('NV002',)
2026-07-11 14:59:05,249 INFO sqlalchemy.engine.Engine SELECT "DonNghiPhep"."id_DonPhep" AS "DonNghiPhep_id_DonPhep", "DonNghiPhep"."loaiPhep" AS "DonNghiPhep_loaiPhep", "DonNghiPhep"."ngayTao" AS "DonNghiPhep_ngayTao", "DonNghiPhep"."tuNgay" AS "DonNghiPhep_tuNgay", "DonNghiPhep"."denNgay" AS "DonNghiPhep_denNgay", "DonNghiPhep"."trangThai" AS "DonNghiPhep_trangThai", "DonNghiPhep"."lyDoTuChoi" AS "DonNghiPhep_lyDoTuChoi", "DonNghiPhep"."lyDo" AS "DonNghiPhep_lyDo", "DonNghiPhep"."thoiGianDuyet" AS "DonNghiPhep_thoiGianDuyet", "DonNghiPhep"."nguoiDuyet" AS "DonNghiPhep_nguoiDuyet", "DonNghiPhep"."id_NhanVien" AS "DonNghiPhep_id_NhanVien", "DonNghiPhep"."id_QuyPhep" AS "DonNghiPhep_id_QuyPhep" 
FROM "DonNghiPhep" 
WHERE "DonNghiPhep"."id_DonPhep" = ?
2026-07-11 14:59:05,249 INFO sqlalchemy.engine.Engine [generated in 0.00096s] ('DNP-59f6d634ec9b',)
INFO:     127.0.0.1:52222 - "GET /api/nghi-phep/don/DNP-59f6d634ec9b HTTP/1.1" 200 OK
2026-07-11 14:59:05,254 INFO sqlalchemy.engine.Engine ROLLBACK
2026-07-11 14:59:05,258 INFO sqlalchemy.engine.Engine BEGIN (implicit)
2026-07-11 14:59:05,258 INFO sqlalchemy.engine.Engine SELECT "TaiKhoan"."id_TaiKhoan", "TaiKhoan".email, "TaiKhoan"."matKhau", "TaiKhoan"."trangThai", "TaiKhoan"."ngayTao", "TaiKhoan"."id_VaiTro" 
FROM "TaiKhoan" 
WHERE "TaiKhoan".email = ?
2026-07-11 14:59:05,258 INFO sqlalchemy.engine.Engine [cached since 0.5725s ago] ('hcns@hicas.vn',)
INFO:     127.0.0.1:52222 - "POST /api/auth/login HTTP/1.1" 200 OK
2026-07-11 14:59:05,528 INFO sqlalchemy.engine.Engine ROLLBACK
2026-07-11 14:59:05,528 INFO sqlalchemy.engine.Engine BEGIN (implicit)
2026-07-11 14:59:05,528 INFO sqlalchemy.engine.Engine SELECT "TaiKhoan"."id_TaiKhoan", "TaiKhoan".email, "TaiKhoan"."matKhau", "TaiKhoan"."trangThai", "TaiKhoan"."ngayTao", "TaiKhoan"."id_VaiTro" 
FROM "TaiKhoan" 
WHERE "TaiKhoan"."id_TaiKhoan" = ?
2026-07-11 14:59:05,528 INFO sqlalchemy.engine.Engine [cached since 0.3607s ago] ('NV001',)
2026-07-11 14:59:05,528 INFO sqlalchemy.engine.Engine SELECT "DonNghiPhep"."id_DonPhep" AS "DonNghiPhep_id_DonPhep", "DonNghiPhep"."loaiPhep" AS "DonNghiPhep_loaiPhep", "DonNghiPhep"."ngayTao" AS "DonNghiPhep_ngayTao", "DonNghiPhep"."tuNgay" AS "DonNghiPhep_tuNgay", "DonNghiPhep"."denNgay" AS "DonNghiPhep_denNgay", "DonNghiPhep"."trangThai" AS "DonNghiPhep_trangThai", "DonNghiPhep"."lyDoTuChoi" AS "DonNghiPhep_lyDoTuChoi", "DonNghiPhep"."lyDo" AS "DonNghiPhep_lyDo", "DonNghiPhep"."thoiGianDuyet" AS "DonNghiPhep_thoiGianDuyet", "DonNghiPhep"."nguoiDuyet" AS "DonNghiPhep_nguoiDuyet", "DonNghiPhep"."id_NhanVien" AS "DonNghiPhep_id_NhanVien", "DonNghiPhep"."id_QuyPhep" AS "DonNghiPhep_id_QuyPhep" 
FROM "DonNghiPhep" 
WHERE "DonNghiPhep"."id_DonPhep" = ?
2026-07-11 14:59:05,528 INFO sqlalchemy.engine.Engine [cached since 0.2861s ago] ('DNP-59f6d634ec9b',)
2026-07-11 14:59:05,537 INFO sqlalchemy.engine.Engine SELECT "QuyPhep"."id_QuyPhep" AS "QuyPhep_id_QuyPhep", "QuyPhep"."id_NhanVien" AS "QuyPhep_id_NhanVien", "QuyPhep".nam AS "QuyPhep_nam", "QuyPhep"."tongQuyPhep" AS "QuyPhep_tongQuyPhep", "QuyPhep"."soNgayDaDung" AS "QuyPhep_soNgayDaDung", "QuyPhep"."soNgayChoDuyet" AS "QuyPhep_soNgayChoDuyet", "QuyPhep"."ngayCapNhat" AS "QuyPhep_ngayCapNhat", "QuyPhep"."trangThai" AS "QuyPhep_trangThai" 
FROM "QuyPhep" 
WHERE "QuyPhep"."id_QuyPhep" = ?
2026-07-11 14:59:05,537 INFO sqlalchemy.engine.Engine [cached since 0.3342s ago] ('QP-NV002-2026',)
2026-07-11 14:59:05,538 INFO sqlalchemy.engine.Engine UPDATE "QuyPhep" SET "soNgayDaDung"=?, "soNgayChoDuyet"=? WHERE "QuyPhep"."id_QuyPhep" = ?
2026-07-11 14:59:05,538 INFO sqlalchemy.engine.Engine [generated in 0.00040s] (3.0, 1.0, 'QP-NV002-2026')
2026-07-11 14:59:05,542 INFO sqlalchemy.engine.Engine UPDATE "DonNghiPhep" SET "trangThai"=?, "thoiGianDuyet"=?, "nguoiDuyet"=? WHERE "DonNghiPhep"."id_DonPhep" = ?
2026-07-11 14:59:05,542 INFO sqlalchemy.engine.Engine [generated in 0.00045s] (1, '2026-07-11 14:59:05.538886', 'NV001', 'DNP-59f6d634ec9b')
2026-07-11 14:59:05,542 INFO sqlalchemy.engine.Engine COMMIT
2026-07-11 14:59:05,554 INFO sqlalchemy.engine.Engine BEGIN (implicit)
2026-07-11 14:59:05,554 INFO sqlalchemy.engine.Engine SELECT "DonNghiPhep"."id_DonPhep", "DonNghiPhep"."loaiPhep", "DonNghiPhep"."ngayTao", "DonNghiPhep"."tuNgay", "DonNghiPhep"."denNgay", "DonNghiPhep"."trangThai", "DonNghiPhep"."lyDoTuChoi", "DonNghiPhep"."lyDo", "DonNghiPhep"."thoiGianDuyet", "DonNghiPhep"."nguoiDuyet", "DonNghiPhep"."id_NhanVien", "DonNghiPhep"."id_QuyPhep" 
FROM "DonNghiPhep" 
WHERE "DonNghiPhep"."id_DonPhep" = ?
2026-07-11 14:59:05,554 INFO sqlalchemy.engine.Engine [cached since 0.324s ago] ('DNP-59f6d634ec9b',)
2026-07-11 14:59:05,554 INFO sqlalchemy.engine.Engine SELECT "TaiKhoan"."id_TaiKhoan" AS "TaiKhoan_id_TaiKhoan", "TaiKhoan".email AS "TaiKhoan_email", "TaiKhoan"."matKhau" AS "TaiKhoan_matKhau", "TaiKhoan"."trangThai" AS "TaiKhoan_trangThai", "TaiKhoan"."ngayTao" AS "TaiKhoan_ngayTao", "TaiKhoan"."id_VaiTro" AS "TaiKhoan_id_VaiTro" 
FROM "TaiKhoan" 
WHERE "TaiKhoan"."id_TaiKhoan" = ?
2026-07-11 14:59:05,554 INFO sqlalchemy.engine.Engine [cached since 0.3231s ago] ('NV001',)
INFO:     127.0.0.1:52222 - "POST /api/nghi-phep/don/DNP-59f6d634ec9b/duyet HTTP/1.1" 200 OK
2026-07-11 14:59:05,554 INFO sqlalchemy.engine.Engine ROLLBACK
2026-07-11 14:59:05,554 INFO sqlalchemy.engine.Engine BEGIN (implicit)
2026-07-11 14:59:05,554 INFO sqlalchemy.engine.Engine SELECT "TaiKhoan"."id_TaiKhoan", "TaiKhoan".email, "TaiKhoan"."matKhau", "TaiKhoan"."trangThai", "TaiKhoan"."ngayTao", "TaiKhoan"."id_VaiTro" 
FROM "TaiKhoan" 
WHERE "TaiKhoan"."id_TaiKhoan" = ?
2026-07-11 14:59:05,554 INFO sqlalchemy.engine.Engine [cached since 0.3878s ago] ('NV001',)
2026-07-11 14:59:05,562 INFO sqlalchemy.engine.Engine SELECT "DonNghiPhep"."id_DonPhep" AS "DonNghiPhep_id_DonPhep", "DonNghiPhep"."loaiPhep" AS "DonNghiPhep_loaiPhep", "DonNghiPhep"."ngayTao" AS "DonNghiPhep_ngayTao", "DonNghiPhep"."tuNgay" AS "DonNghiPhep_tuNgay", "DonNghiPhep"."denNgay" AS "DonNghiPhep_denNgay", "DonNghiPhep"."trangThai" AS "DonNghiPhep_trangThai", "DonNghiPhep"."lyDoTuChoi" AS "DonNghiPhep_lyDoTuChoi", "DonNghiPhep"."lyDo" AS "DonNghiPhep_lyDo", "DonNghiPhep"."thoiGianDuyet" AS "DonNghiPhep_thoiGianDuyet", "DonNghiPhep"."nguoiDuyet" AS "DonNghiPhep_nguoiDuyet", "DonNghiPhep"."id_NhanVien" AS "DonNghiPhep_id_NhanVien", "DonNghiPhep"."id_QuyPhep" AS "DonNghiPhep_id_QuyPhep" 
FROM "DonNghiPhep" 
WHERE "DonNghiPhep"."id_DonPhep" = ?
2026-07-11 14:59:05,562 INFO sqlalchemy.engine.Engine [cached since 0.3133s ago] ('DNP-59f6d634ec9b',)
INFO:     127.0.0.1:52222 - "GET /api/nghi-phep/don/DNP-59f6d634ec9b HTTP/1.1" 200 OK
2026-07-11 14:59:05,562 INFO sqlalchemy.engine.Engine ROLLBACK
2026-07-11 14:59:05,562 INFO sqlalchemy.engine.Engine BEGIN (implicit)
2026-07-11 14:59:05,562 INFO sqlalchemy.engine.Engine SELECT "TaiKhoan"."id_TaiKhoan", "TaiKhoan".email, "TaiKhoan"."matKhau", "TaiKhoan"."trangThai", "TaiKhoan"."ngayTao", "TaiKhoan"."id_VaiTro" 
FROM "TaiKhoan" 
WHERE "TaiKhoan"."id_TaiKhoan" = ?
2026-07-11 14:59:05,562 INFO sqlalchemy.engine.Engine [cached since 0.3942s ago] ('NV002',)
2026-07-11 14:59:05,562 INFO sqlalchemy.engine.Engine SELECT "QuyPhep"."id_QuyPhep", "QuyPhep"."id_NhanVien", "QuyPhep".nam, "QuyPhep"."tongQuyPhep", "QuyPhep"."soNgayDaDung", "QuyPhep"."soNgayChoDuyet", "QuyPhep"."ngayCapNhat", "QuyPhep"."trangThai" 
FROM "QuyPhep" 
WHERE "QuyPhep"."id_NhanVien" = ? AND "QuyPhep".nam = ?
2026-07-11 14:59:05,562 INFO sqlalchemy.engine.Engine [cached since 0.3912s ago] ('NV002', 2026)
INFO:     127.0.0.1:52222 - "GET /api/nghi-phep/bang-phep?nam=2026&page=1&size=20 HTTP/1.1" 200 OK
2026-07-11 14:59:05,571 INFO sqlalchemy.engine.Engine ROLLBACK
INFO:     127.0.0.1:59397 - "GET / HTTP/1.1" 404 Not Found
INFO:     127.0.0.1:59397 - "GET /favicon.ico HTTP/1.1" 404 Not Found
INFO:     127.0.0.1:64855 - "GET / HTTP/1.1" 404 Not Found
INFO:     127.0.0.1:64855 - "GET /favicon.ico HTTP/1.1" 404 Not Found
INFO:     127.0.0.1:62074 - "GET /health HTTP/1.1" 200 OK
INFO:     127.0.0.1:61603 - "GET / HTTP/1.1" 404 Not Found
INFO:     127.0.0.1:50727 - "OPTIONS /api/auth/login HTTP/1.1" 200 OK
2026-07-11 15:09:27,573 INFO sqlalchemy.engine.Engine BEGIN (implicit)
2026-07-11 15:09:27,573 INFO sqlalchemy.engine.Engine SELECT "TaiKhoan"."id_TaiKhoan", "TaiKhoan".email, "TaiKhoan"."matKhau", "TaiKhoan"."trangThai", "TaiKhoan"."ngayTao", "TaiKhoan"."id_VaiTro" 
FROM "TaiKhoan" 
WHERE "TaiKhoan".email = ?
2026-07-11 15:09:27,590 INFO sqlalchemy.engine.Engine [cached since 622.9s ago] ('hcns@hicas.vn',)
INFO:     127.0.0.1:50727 - "POST /api/auth/login HTTP/1.1" 200 OK
2026-07-11 15:09:28,373 INFO sqlalchemy.engine.Engine ROLLBACK
INFO:     127.0.0.1:50727 - "OPTIONS /api/nghi-phep/bang-phep?nam=2026&page=1&size=20 HTTP/1.1" 200 OK
2026-07-11 15:09:31,861 INFO sqlalchemy.engine.Engine BEGIN (implicit)
2026-07-11 15:09:31,863 INFO sqlalchemy.engine.Engine SELECT "TaiKhoan"."id_TaiKhoan", "TaiKhoan".email, "TaiKhoan"."matKhau", "TaiKhoan"."trangThai", "TaiKhoan"."ngayTao", "TaiKhoan"."id_VaiTro" 
FROM "TaiKhoan" 
WHERE "TaiKhoan"."id_TaiKhoan" = ?
2026-07-11 15:09:31,863 INFO sqlalchemy.engine.Engine [cached since 626.7s ago] ('NV001',)
2026-07-11 15:09:31,863 INFO sqlalchemy.engine.Engine SELECT "QuyPhep"."id_QuyPhep", "QuyPhep"."id_NhanVien", "QuyPhep".nam, "QuyPhep"."tongQuyPhep", "QuyPhep"."soNgayDaDung", "QuyPhep"."soNgayChoDuyet", "QuyPhep"."ngayCapNhat", "QuyPhep"."trangThai" 
FROM "QuyPhep" 
WHERE "QuyPhep".nam = ?
 LIMIT ? OFFSET ?
2026-07-11 15:09:31,870 INFO sqlalchemy.engine.Engine [generated in 0.00111s] (2026, 20, 0)
INFO:     127.0.0.1:50727 - "GET /api/nghi-phep/bang-phep?nam=2026&page=1&size=20 HTTP/1.1" 200 OK
2026-07-11 15:09:31,874 INFO sqlalchemy.engine.Engine ROLLBACK
INFO:     127.0.0.1:58534 - "OPTIONS /api/nghi-phep/don HTTP/1.1" 200 OK
2026-07-11 15:09:57,697 INFO sqlalchemy.engine.Engine BEGIN (implicit)
2026-07-11 15:09:57,697 INFO sqlalchemy.engine.Engine SELECT "TaiKhoan"."id_TaiKhoan", "TaiKhoan".email, "TaiKhoan"."matKhau", "TaiKhoan"."trangThai", "TaiKhoan"."ngayTao", "TaiKhoan"."id_VaiTro" 
FROM "TaiKhoan" 
WHERE "TaiKhoan"."id_TaiKhoan" = ?
2026-07-11 15:09:57,697 INFO sqlalchemy.engine.Engine [cached since 652.5s ago] ('NV001',)
2026-07-11 15:09:57,705 INFO sqlalchemy.engine.Engine SELECT "QuyPhep"."id_QuyPhep" AS "QuyPhep_id_QuyPhep", "QuyPhep"."id_NhanVien" AS "QuyPhep_id_NhanVien", "QuyPhep".nam AS "QuyPhep_nam", "QuyPhep"."tongQuyPhep" AS "QuyPhep_tongQuyPhep", "QuyPhep"."soNgayDaDung" AS "QuyPhep_soNgayDaDung", "QuyPhep"."soNgayChoDuyet" AS "QuyPhep_soNgayChoDuyet", "QuyPhep"."ngayCapNhat" AS "QuyPhep_ngayCapNhat", "QuyPhep"."trangThai" AS "QuyPhep_trangThai" 
FROM "QuyPhep" 
WHERE "QuyPhep"."id_QuyPhep" = ?
2026-07-11 15:09:57,706 INFO sqlalchemy.engine.Engine [cached since 652.5s ago] ('QP-NV001-2026',)
2026-07-11 15:09:57,709 INFO sqlalchemy.engine.Engine INSERT INTO "DonNghiPhep" ("id_DonPhep", "loaiPhep", "ngayTao", "tuNgay", "denNgay", "trangThai", "lyDoTuChoi", "lyDo", "thoiGianDuyet", "nguoiDuyet", "id_NhanVien", "id_QuyPhep") VALUES (?, ?, ?, ?, ?, ?, ?, ?, ?, ?, ?, ?)
2026-07-11 15:09:57,931 INFO sqlalchemy.engine.Engine COMMIT
2026-07-11 15:09:57,947 INFO sqlalchemy.engine.Engine BEGIN (implicit)
2026-07-11 15:09:57,947 INFO sqlalchemy.engine.Engine SELECT "DonNghiPhep"."id_DonPhep", "DonNghiPhep"."loaiPhep", "DonNghiPhep"."ngayTao", "DonNghiPhep"."tuNgay", "DonNghiPhep"."denNgay", "DonNghiPhep"."trangThai", "DonNghiPhep"."lyDoTuChoi", "DonNghiPhep"."lyDo", "DonNghiPhep"."thoiGianDuyet", "DonNghiPhep"."nguoiDuyet", "DonNghiPhep"."id_NhanVien", "DonNghiPhep"."id_QuyPhep" 
FROM "DonNghiPhep" 
WHERE "DonNghiPhep"."id_DonPhep" = ?
2026-07-11 15:09:57,952 INFO sqlalchemy.engine.Engine [cached since 652.7s ago] ('DNP-089cf88e8d7d',)
2026-07-11 15:09:57,956 INFO sqlalchemy.engine.Engine SELECT "TaiKhoan"."id_TaiKhoan" AS "TaiKhoan_id_TaiKhoan", "TaiKhoan".email AS "TaiKhoan_email", "TaiKhoan"."matKhau" AS "TaiKhoan_matKhau", "TaiKhoan"."trangThai" AS "TaiKhoan_trangThai", "TaiKhoan"."ngayTao" AS "TaiKhoan_ngayTao", "TaiKhoan"."id_VaiTro" AS "TaiKhoan_id_VaiTro" 
FROM "TaiKhoan" 
WHERE "TaiKhoan"."id_TaiKhoan" = ?
2026-07-11 15:09:57,957 INFO sqlalchemy.engine.Engine [cached since 652.7s ago] ('NV001',)
INFO:     127.0.0.1:49672 - "POST /api/nghi-phep/don HTTP/1.1" 200 OK
2026-07-11 15:09:57,966 INFO sqlalchemy.engine.Engine ROLLBACK
2026-07-11 15:09:57,981 INFO sqlalchemy.engine.Engine BEGIN (implicit)
2026-07-11 15:09:57,983 INFO sqlalchemy.engine.Engine SELECT "TaiKhoan"."id_TaiKhoan", "TaiKhoan".email, "TaiKhoan"."matKhau", "TaiKhoan"."trangThai", "TaiKhoan"."ngayTao", "TaiKhoan"."id_VaiTro" 
FROM "TaiKhoan" 
WHERE "TaiKhoan"."id_TaiKhoan" = ?
2026-07-11 15:09:57,983 INFO sqlalchemy.engine.Engine [cached since 652.8s ago] ('NV001',)
2026-07-11 15:09:57,989 INFO sqlalchemy.engine.Engine SELECT "QuyPhep"."id_QuyPhep", "QuyPhep"."id_NhanVien", "QuyPhep".nam, "QuyPhep"."tongQuyPhep", "QuyPhep"."soNgayDaDung", "QuyPhep"."soNgayChoDuyet", "QuyPhep"."ngayCapNhat", "QuyPhep"."trangThai" 
FROM "QuyPhep" 
WHERE "QuyPhep".nam = ?
 LIMIT ? OFFSET ?
2026-07-11 15:09:57,991 INFO sqlalchemy.engine.Engine [cached since 26.12s ago] (2026, 20, 0)
INFO:     127.0.0.1:49672 - "GET /api/nghi-phep/bang-phep?nam=2026&page=1&size=20 HTTP/1.1" 200 OK
2026-07-11 15:09:57,997 INFO sqlalchemy.engine.Engine ROLLBACK
INFO:     127.0.0.1:49672 - "OPTIONS /api/nghi-phep/don/DNP-089cf88e8d7d HTTP/1.1" 200 OK
2026-07-11 15:09:58,054 INFO sqlalchemy.engine.Engine BEGIN (implicit)
2026-07-11 15:09:58,058 INFO sqlalchemy.engine.Engine SELECT "TaiKhoan"."id_TaiKhoan", "TaiKhoan".email, "TaiKhoan"."matKhau", "TaiKhoan"."trangThai", "TaiKhoan"."ngayTao", "TaiKhoan"."id_VaiTro" 
FROM "TaiKhoan" 
WHERE "TaiKhoan"."id_TaiKhoan" = ?
2026-07-11 15:09:58,058 INFO sqlalchemy.engine.Engine [cached since 652.9s ago] ('NV001',)
2026-07-11 15:09:58,060 INFO sqlalchemy.engine.Engine SELECT "DonNghiPhep"."id_DonPhep" AS "DonNghiPhep_id_DonPhep", "DonNghiPhep"."loaiPhep" AS "DonNghiPhep_loaiPhep", "DonNghiPhep"."ngayTao" AS "DonNghiPhep_ngayTao", "DonNghiPhep"."tuNgay" AS "DonNghiPhep_tuNgay", "DonNghiPhep"."denNgay" AS "DonNghiPhep_denNgay", "DonNghiPhep"."trangThai" AS "DonNghiPhep_trangThai", "DonNghiPhep"."lyDoTuChoi" AS "DonNghiPhep_lyDoTuChoi", "DonNghiPhep"."lyDo" AS "DonNghiPhep_lyDo", "DonNghiPhep"."thoiGianDuyet" AS "DonNghiPhep_thoiGianDuyet", "DonNghiPhep"."nguoiDuyet" AS "DonNghiPhep_nguoiDuyet", "DonNghiPhep"."id_NhanVien" AS "DonNghiPhep_id_NhanVien", "DonNghiPhep"."id_QuyPhep" AS "DonNghiPhep_id_QuyPhep" 
FROM "DonNghiPhep" 
WHERE "DonNghiPhep"."id_DonPhep" = ?
2026-07-11 15:09:58,062 INFO sqlalchemy.engine.Engine [cached since 652.8s ago] ('DNP-089cf88e8d7d',)
INFO:     127.0.0.1:49672 - "GET /api/nghi-phep/don/DNP-089cf88e8d7d HTTP/1.1" 200 OK
2026-07-11 15:09:58,076 INFO sqlalchemy.engine.Engine ROLLBACK
INFO:     127.0.0.1:49672 - "OPTIONS /api/nghi-phep/danh-sach?nam=2026&page=1&size=10 HTTP/1.1" 200 OK
2026-07-11 15:10:01,635 INFO sqlalchemy.engine.Engine BEGIN (implicit)
2026-07-11 15:10:01,637 INFO sqlalchemy.engine.Engine SELECT "TaiKhoan"."id_TaiKhoan", "TaiKhoan".email, "TaiKhoan"."matKhau", "TaiKhoan"."trangThai", "TaiKhoan"."ngayTao", "TaiKhoan"."id_VaiTro" 
FROM "TaiKhoan" 
WHERE "TaiKhoan"."id_TaiKhoan" = ?
2026-07-11 15:10:01,637 INFO sqlalchemy.engine.Engine [cached since 656.5s ago] ('NV001',)
2026-07-11 15:10:01,642 INFO sqlalchemy.engine.Engine SELECT "DonNghiPhep"."id_DonPhep", "DonNghiPhep"."loaiPhep", "DonNghiPhep"."ngayTao", "DonNghiPhep"."tuNgay", "DonNghiPhep"."denNgay", "DonNghiPhep"."trangThai", "DonNghiPhep"."lyDoTuChoi", "DonNghiPhep"."lyDo", "DonNghiPhep"."thoiGianDuyet", "DonNghiPhep"."nguoiDuyet", "DonNghiPhep"."id_NhanVien", "DonNghiPhep"."id_QuyPhep" 
FROM "DonNghiPhep"
2026-07-11 15:10:01,644 INFO sqlalchemy.engine.Engine [generated in 0.00127s] ()
INFO:     127.0.0.1:49672 - "GET /api/nghi-phep/danh-sach?nam=2026&page=1&size=10 HTTP/1.1" 200 OK
2026-07-11 15:10:01,650 INFO sqlalchemy.engine.Engine ROLLBACK
INFO:     127.0.0.1:50511 - "OPTIONS /api/ho-so-ca-nhan/NV001 HTTP/1.1" 200 OK
2026-07-11 15:10:08,831 INFO sqlalchemy.engine.Engine BEGIN (implicit)
2026-07-11 15:10:08,833 INFO sqlalchemy.engine.Engine SELECT "TaiKhoan"."id_TaiKhoan", "TaiKhoan".email, "TaiKhoan"."matKhau", "TaiKhoan"."trangThai", "TaiKhoan"."ngayTao", "TaiKhoan"."id_VaiTro" 
FROM "TaiKhoan" 
WHERE "TaiKhoan"."id_TaiKhoan" = ?
2026-07-11 15:10:08,837 INFO sqlalchemy.engine.Engine [cached since 663.7s ago] ('NV001',)
2026-07-11 15:10:08,859 INFO sqlalchemy.engine.Engine SELECT "NhanVien"."id_NhanVien" AS "NhanVien_id_NhanVien", "NhanVien"."hoTen" AS "NhanVien_hoTen", "NhanVien".email AS "NhanVien_email", "NhanVien".sdt AS "NhanVien_sdt", "NhanVien"."maSoThue" AS "NhanVien_maSoThue", "NhanVien"."gioiTinh" AS "NhanVien_gioiTinh", "NhanVien"."diaChi" AS "NhanVien_diaChi", "NhanVien"."ngaySinh" AS "NhanVien_ngaySinh", "NhanVien".cccd AS "NhanVien_cccd", "NhanVien"."trangThaiLamViec" AS "NhanVien_trangThaiLamViec", "NhanVien"."chucVu" AS "NhanVien_chucVu" 
FROM "NhanVien" 
WHERE "NhanVien"."id_NhanVien" = ?
2026-07-11 15:10:08,861 INFO sqlalchemy.engine.Engine [generated in 0.00157s] ('NV001',)
2026-07-11 15:10:08,874 INFO sqlalchemy.engine.Engine SELECT "HopDong"."id_HopDong", "HopDong"."loaiHopDong", "HopDong"."ngayBatDau", "HopDong"."ngayKetThuc", "HopDong"."trangThaiHopDong", "HopDong"."tepHopDong", "HopDong"."id_NhanVien" 
FROM "HopDong" 
WHERE "HopDong"."id_NhanVien" = ? AND "HopDong"."trangThaiHopDong" = ?
2026-07-11 15:10:08,876 INFO sqlalchemy.engine.Engine [generated in 0.00114s] ('NV001', 1)
INFO:     127.0.0.1:50511 - "GET /api/ho-so-ca-nhan/NV001 HTTP/1.1" 200 OK
2026-07-11 15:10:08,881 INFO sqlalchemy.engine.Engine ROLLBACK
INFO:     127.0.0.1:50511 - "OPTIONS /api/ho-so-ca-nhan/NV002 HTTP/1.1" 200 OK
2026-07-11 15:10:12,567 INFO sqlalchemy.engine.Engine BEGIN (implicit)
2026-07-11 15:10:12,567 INFO sqlalchemy.engine.Engine SELECT "TaiKhoan"."id_TaiKhoan", "TaiKhoan".email, "TaiKhoan"."matKhau", "TaiKhoan"."trangThai", "TaiKhoan"."ngayTao", "TaiKhoan"."id_VaiTro" 
FROM "TaiKhoan" 
WHERE "TaiKhoan"."id_TaiKhoan" = ?
2026-07-11 15:10:12,567 INFO sqlalchemy.engine.Engine [cached since 667.4s ago] ('NV001',)
2026-07-11 15:10:12,571 INFO sqlalchemy.engine.Engine SELECT "NhanVien"."id_NhanVien" AS "NhanVien_id_NhanVien", "NhanVien"."hoTen" AS "NhanVien_hoTen", "NhanVien".email AS "NhanVien_email", "NhanVien".sdt AS "NhanVien_sdt", "NhanVien"."maSoThue" AS "NhanVien_maSoThue", "NhanVien"."gioiTinh" AS "NhanVien_gioiTinh", "NhanVien"."diaChi" AS "NhanVien_diaChi", "NhanVien"."ngaySinh" AS "NhanVien_ngaySinh", "NhanVien".cccd AS "NhanVien_cccd", "NhanVien"."trangThaiLamViec" AS "NhanVien_trangThaiLamViec", "NhanVien"."chucVu" AS "NhanVien_chucVu" 
FROM "NhanVien" 
WHERE "NhanVien"."id_NhanVien" = ?
2026-07-11 15:10:12,571 INFO sqlalchemy.engine.Engine [cached since 3.714s ago] ('NV002',)
2026-07-11 15:10:12,571 INFO sqlalchemy.engine.Engine SELECT "HopDong"."id_HopDong", "HopDong"."loaiHopDong", "HopDong"."ngayBatDau", "HopDong"."ngayKetThuc", "HopDong"."trangThaiHopDong", "HopDong"."tepHopDong", "HopDong"."id_NhanVien" 
FROM "HopDong" 
WHERE "HopDong"."id_NhanVien" = ? AND "HopDong"."trangThaiHopDong" = ?
2026-07-11 15:10:12,575 INFO sqlalchemy.engine.Engine [cached since 3.7s ago] ('NV002', 1)
INFO:     127.0.0.1:50511 - "GET /api/ho-so-ca-nhan/NV002 HTTP/1.1" 200 OK
2026-07-11 15:10:12,575 INFO sqlalchemy.engine.Engine ROLLBACK
INFO:     127.0.0.1:52211 - "OPTIONS /api/nghi-phep/lich-su?nam=2026&page=1&size=10 HTTP/1.1" 200 OK
2026-07-11 15:10:17,991 INFO sqlalchemy.engine.Engine BEGIN (implicit)
2026-07-11 15:10:17,991 INFO sqlalchemy.engine.Engine SELECT "TaiKhoan"."id_TaiKhoan", "TaiKhoan".email, "TaiKhoan"."matKhau", "TaiKhoan"."trangThai", "TaiKhoan"."ngayTao", "TaiKhoan"."id_VaiTro" 
FROM "TaiKhoan" 
WHERE "TaiKhoan"."id_TaiKhoan" = ?
2026-07-11 15:10:17,991 INFO sqlalchemy.engine.Engine [cached since 672.8s ago] ('NV001',)
2026-07-11 15:10:17,993 INFO sqlalchemy.engine.Engine SELECT "QuyPhep"."id_QuyPhep", "QuyPhep"."id_NhanVien", "QuyPhep".nam, "QuyPhep"."tongQuyPhep", "QuyPhep"."soNgayDaDung", "QuyPhep"."soNgayChoDuyet", "QuyPhep"."ngayCapNhat", "QuyPhep"."trangThai" 
FROM "QuyPhep" 
WHERE "QuyPhep".nam = ?
 LIMIT ? OFFSET ?
2026-07-11 15:10:17,993 INFO sqlalchemy.engine.Engine [cached since 46.13s ago] (2026, 20, 0)
INFO:     127.0.0.1:52211 - "GET /api/nghi-phep/bang-phep?nam=2026&page=1&size=20 HTTP/1.1" 200 OK
2026-07-11 15:10:17,993 INFO sqlalchemy.engine.Engine ROLLBACK
2026-07-11 15:10:18,002 INFO sqlalchemy.engine.Engine BEGIN (implicit)
2026-07-11 15:10:18,002 INFO sqlalchemy.engine.Engine SELECT "TaiKhoan"."id_TaiKhoan", "TaiKhoan".email, "TaiKhoan"."matKhau", "TaiKhoan"."trangThai", "TaiKhoan"."ngayTao", "TaiKhoan"."id_VaiTro" 
FROM "TaiKhoan" 
WHERE "TaiKhoan"."id_TaiKhoan" = ?
2026-07-11 15:10:18,002 INFO sqlalchemy.engine.Engine [cached since 672.8s ago] ('NV001',)
2026-07-11 15:10:18,005 INFO sqlalchemy.engine.Engine SELECT "DonNghiPhep"."id_DonPhep", "DonNghiPhep"."loaiPhep", "DonNghiPhep"."ngayTao", "DonNghiPhep"."tuNgay", "DonNghiPhep"."denNgay", "DonNghiPhep"."trangThai", "DonNghiPhep"."lyDoTuChoi", "DonNghiPhep"."lyDo", "DonNghiPhep"."thoiGianDuyet", "DonNghiPhep"."nguoiDuyet", "DonNghiPhep"."id_NhanVien", "DonNghiPhep"."id_QuyPhep" 
FROM "DonNghiPhep" 
WHERE "DonNghiPhep"."id_NhanVien" = ?
2026-07-11 15:10:18,005 INFO sqlalchemy.engine.Engine [generated in 0.00047s] ('NV001',)
INFO:     127.0.0.1:52211 - "GET /api/nghi-phep/lich-su?nam=2026&page=1&size=10 HTTP/1.1" 200 OK
2026-07-11 15:10:18,005 INFO sqlalchemy.engine.Engine ROLLBACK
2026-07-11 15:10:18,922 INFO sqlalchemy.engine.Engine BEGIN (implicit)
2026-07-11 15:10:18,954 INFO sqlalchemy.engine.Engine SELECT "TaiKhoan"."id_TaiKhoan", "TaiKhoan".email, "TaiKhoan"."matKhau", "TaiKhoan"."trangThai", "TaiKhoan"."ngayTao", "TaiKhoan"."id_VaiTro" 
FROM "TaiKhoan" 
WHERE "TaiKhoan"."id_TaiKhoan" = ?
2026-07-11 15:10:18,954 INFO sqlalchemy.engine.Engine [cached since 673.8s ago] ('NV001',)
2026-07-11 15:10:18,957 INFO sqlalchemy.engine.Engine SELECT "QuyPhep"."id_QuyPhep", "QuyPhep"."id_NhanVien", "QuyPhep".nam, "QuyPhep"."tongQuyPhep", "QuyPhep"."soNgayDaDung", "QuyPhep"."soNgayChoDuyet", "QuyPhep"."ngayCapNhat", "QuyPhep"."trangThai" 
FROM "QuyPhep" 
WHERE "QuyPhep".nam = ?
 LIMIT ? OFFSET ?
2026-07-11 15:10:18,957 INFO sqlalchemy.engine.Engine [cached since 47.09s ago] (2026, 20, 0)
INFO:     127.0.0.1:52211 - "GET /api/nghi-phep/bang-phep?nam=2026&page=1&size=20 HTTP/1.1" 200 OK
2026-07-11 15:10:18,960 INFO sqlalchemy.engine.Engine ROLLBACK
2026-07-11 15:10:21,250 INFO sqlalchemy.engine.Engine BEGIN (implicit)
2026-07-11 15:10:21,284 INFO sqlalchemy.engine.Engine SELECT "TaiKhoan"."id_TaiKhoan", "TaiKhoan".email, "TaiKhoan"."matKhau", "TaiKhoan"."trangThai", "TaiKhoan"."ngayTao", "TaiKhoan"."id_VaiTro" 
FROM "TaiKhoan" 
WHERE "TaiKhoan"."id_TaiKhoan" = ?
2026-07-11 15:10:21,284 INFO sqlalchemy.engine.Engine [cached since 676.1s ago] ('NV001',)
2026-07-11 15:10:21,287 INFO sqlalchemy.engine.Engine SELECT "DonNghiPhep"."id_DonPhep", "DonNghiPhep"."loaiPhep", "DonNghiPhep"."ngayTao", "DonNghiPhep"."tuNgay", "DonNghiPhep"."denNgay", "DonNghiPhep"."trangThai", "DonNghiPhep"."lyDoTuChoi", "DonNghiPhep"."lyDo", "DonNghiPhep"."thoiGianDuyet", "DonNghiPhep"."nguoiDuyet", "DonNghiPhep"."id_NhanVien", "DonNghiPhep"."id_QuyPhep" 
FROM "DonNghiPhep"
2026-07-11 15:10:21,287 INFO sqlalchemy.engine.Engine [cached since 19.65s ago] ()
INFO:     127.0.0.1:52211 - "GET /api/nghi-phep/danh-sach?nam=2026&page=1&size=10 HTTP/1.1" 200 OK
2026-07-11 15:10:21,296 INFO sqlalchemy.engine.Engine ROLLBACK
2026-07-11 15:17:37,146 INFO sqlalchemy.engine.Engine BEGIN (implicit)
2026-07-11 15:17:37,187 INFO sqlalchemy.engine.Engine SELECT "TaiKhoan"."id_TaiKhoan", "TaiKhoan".email, "TaiKhoan"."matKhau", "TaiKhoan"."trangThai", "TaiKhoan"."ngayTao", "TaiKhoan"."id_VaiTro" 
FROM "TaiKhoan" 
WHERE "TaiKhoan".email = ?
2026-07-11 15:17:37,187 INFO sqlalchemy.engine.Engine [cached since 1113s ago] ('hcns@hicas.vn',)
INFO:     127.0.0.1:61317 - "POST /api/auth/login HTTP/1.1" 200 OK
2026-07-11 15:17:37,934 INFO sqlalchemy.engine.Engine ROLLBACK
2026-07-11 15:17:40,125 INFO sqlalchemy.engine.Engine BEGIN (implicit)
2026-07-11 15:17:40,125 INFO sqlalchemy.engine.Engine SELECT "TaiKhoan"."id_TaiKhoan", "TaiKhoan".email, "TaiKhoan"."matKhau", "TaiKhoan"."trangThai", "TaiKhoan"."ngayTao", "TaiKhoan"."id_VaiTro" 
FROM "TaiKhoan" 
WHERE "TaiKhoan"."id_TaiKhoan" = ?
2026-07-11 15:17:40,129 INFO sqlalchemy.engine.Engine [cached since 1115s ago] ('NV001',)
2026-07-11 15:17:40,129 INFO sqlalchemy.engine.Engine SELECT "QuyPhep"."id_QuyPhep", "QuyPhep"."id_NhanVien", "QuyPhep".nam, "QuyPhep"."tongQuyPhep", "QuyPhep"."soNgayDaDung", "QuyPhep"."soNgayChoDuyet", "QuyPhep"."ngayCapNhat", "QuyPhep"."trangThai" 
FROM "QuyPhep" 
WHERE "QuyPhep".nam = ?
 LIMIT ? OFFSET ?
2026-07-11 15:17:40,129 INFO sqlalchemy.engine.Engine [cached since 488.3s ago] (2026, 20, 0)
INFO:     127.0.0.1:61317 - "GET /api/nghi-phep/bang-phep?nam=2026&page=1&size=20 HTTP/1.1" 200 OK
2026-07-11 15:17:40,137 INFO sqlalchemy.engine.Engine ROLLBACK
2026-07-11 15:17:58,042 INFO sqlalchemy.engine.Engine BEGIN (implicit)
2026-07-11 15:17:58,045 INFO sqlalchemy.engine.Engine SELECT "TaiKhoan"."id_TaiKhoan", "TaiKhoan".email, "TaiKhoan"."matKhau", "TaiKhoan"."trangThai", "TaiKhoan"."ngayTao", "TaiKhoan"."id_VaiTro" 
FROM "TaiKhoan" 
WHERE "TaiKhoan".email = ?
2026-07-11 15:17:58,045 INFO sqlalchemy.engine.Engine [cached since 1133s ago] ('nhanvien@hicas.vn',)
INFO:     127.0.0.1:60904 - "POST /api/auth/login HTTP/1.1" 200 OK
2026-07-11 15:17:58,718 INFO sqlalchemy.engine.Engine ROLLBACK
2026-07-11 15:18:00,973 INFO sqlalchemy.engine.Engine BEGIN (implicit)
2026-07-11 15:18:00,999 INFO sqlalchemy.engine.Engine SELECT "TaiKhoan"."id_TaiKhoan", "TaiKhoan".email, "TaiKhoan"."matKhau", "TaiKhoan"."trangThai", "TaiKhoan"."ngayTao", "TaiKhoan"."id_VaiTro" 
FROM "TaiKhoan" 
WHERE "TaiKhoan"."id_TaiKhoan" = ?
2026-07-11 15:18:01,008 INFO sqlalchemy.engine.Engine [cached since 1136s ago] ('NV002',)
2026-07-11 15:18:01,008 INFO sqlalchemy.engine.Engine SELECT "QuyPhep"."id_QuyPhep", "QuyPhep"."id_NhanVien", "QuyPhep".nam, "QuyPhep"."tongQuyPhep", "QuyPhep"."soNgayDaDung", "QuyPhep"."soNgayChoDuyet", "QuyPhep"."ngayCapNhat", "QuyPhep"."trangThai" 
FROM "QuyPhep" 
WHERE "QuyPhep"."id_NhanVien" = ? AND "QuyPhep".nam = ?
2026-07-11 15:18:01,008 INFO sqlalchemy.engine.Engine [cached since 1136s ago] ('NV002', 2026)
INFO:     127.0.0.1:60904 - "GET /api/nghi-phep/bang-phep?nam=2026&page=1&size=20 HTTP/1.1" 200 OK
2026-07-11 15:18:01,008 INFO sqlalchemy.engine.Engine ROLLBACK
2026-07-11 15:18:05,682 INFO sqlalchemy.engine.Engine BEGIN (implicit)
2026-07-11 15:18:05,686 INFO sqlalchemy.engine.Engine SELECT "TaiKhoan"."id_TaiKhoan", "TaiKhoan".email, "TaiKhoan"."matKhau", "TaiKhoan"."trangThai", "TaiKhoan"."ngayTao", "TaiKhoan"."id_VaiTro" 
FROM "TaiKhoan" 
WHERE "TaiKhoan"."id_TaiKhoan" = ?
2026-07-11 15:18:05,686 INFO sqlalchemy.engine.Engine [cached since 1141s ago] ('NV002',)
2026-07-11 15:18:05,692 INFO sqlalchemy.engine.Engine SELECT "DonNghiPhep"."id_DonPhep", "DonNghiPhep"."loaiPhep", "DonNghiPhep"."ngayTao", "DonNghiPhep"."tuNgay", "DonNghiPhep"."denNgay", "DonNghiPhep"."trangThai", "DonNghiPhep"."lyDoTuChoi", "DonNghiPhep"."lyDo", "DonNghiPhep"."thoiGianDuyet", "DonNghiPhep"."nguoiDuyet", "DonNghiPhep"."id_NhanVien", "DonNghiPhep"."id_QuyPhep" 
FROM "DonNghiPhep" 
WHERE "DonNghiPhep"."id_NhanVien" = ?
2026-07-11 15:18:05,692 INFO sqlalchemy.engine.Engine [cached since 467.7s ago] ('NV002',)
INFO:     127.0.0.1:60904 - "GET /api/nghi-phep/danh-sach?nam=2026&page=1&size=10 HTTP/1.1" 200 OK
2026-07-11 15:18:05,696 INFO sqlalchemy.engine.Engine ROLLBACK
INFO:     127.0.0.1:58660 - "OPTIONS /api/auth/login HTTP/1.1" 200 OK
2026-07-11 15:30:28,821 INFO sqlalchemy.engine.Engine BEGIN (implicit)
2026-07-11 15:30:28,825 INFO sqlalchemy.engine.Engine SELECT "TaiKhoan"."id_TaiKhoan", "TaiKhoan".email, "TaiKhoan"."matKhau", "TaiKhoan"."trangThai", "TaiKhoan"."ngayTao", "TaiKhoan"."id_VaiTro" 
FROM "TaiKhoan" 
WHERE "TaiKhoan".email = ?
2026-07-11 15:30:28,825 INFO sqlalchemy.engine.Engine [cached since 1884s ago] ('nhanvien@hicas.vn',)
INFO:     127.0.0.1:58660 - "POST /api/auth/login HTTP/1.1" 200 OK
2026-07-11 15:30:29,542 INFO sqlalchemy.engine.Engine ROLLBACK
INFO:     127.0.0.1:58660 - "OPTIONS /api/nghi-phep/bang-phep?nam=2026&page=1&size=20 HTTP/1.1" 200 OK
2026-07-11 15:30:32,887 INFO sqlalchemy.engine.Engine BEGIN (implicit)
2026-07-11 15:30:32,889 INFO sqlalchemy.engine.Engine SELECT "TaiKhoan"."id_TaiKhoan", "TaiKhoan".email, "TaiKhoan"."matKhau", "TaiKhoan"."trangThai", "TaiKhoan"."ngayTao", "TaiKhoan"."id_VaiTro" 
FROM "TaiKhoan" 
WHERE "TaiKhoan"."id_TaiKhoan" = ?
2026-07-11 15:30:32,889 INFO sqlalchemy.engine.Engine [cached since 1888s ago] ('NV002',)
2026-07-11 15:30:32,892 INFO sqlalchemy.engine.Engine SELECT "QuyPhep"."id_QuyPhep", "QuyPhep"."id_NhanVien", "QuyPhep".nam, "QuyPhep"."tongQuyPhep", "QuyPhep"."soNgayDaDung", "QuyPhep"."soNgayChoDuyet", "QuyPhep"."ngayCapNhat", "QuyPhep"."trangThai" 
FROM "QuyPhep" 
WHERE "QuyPhep"."id_NhanVien" = ? AND "QuyPhep".nam = ?
2026-07-11 15:30:32,901 INFO sqlalchemy.engine.Engine [cached since 1888s ago] ('NV002', 2026)
INFO:     127.0.0.1:58660 - "GET /api/nghi-phep/bang-phep?nam=2026&page=1&size=20 HTTP/1.1" 200 OK
2026-07-11 15:30:32,907 INFO sqlalchemy.engine.Engine ROLLBACK
INFO:     127.0.0.1:64939 - "OPTIONS /api/nghi-phep/danh-sach?nam=2026&page=1&size=10 HTTP/1.1" 200 OK
2026-07-11 15:30:40,315 INFO sqlalchemy.engine.Engine BEGIN (implicit)
2026-07-11 15:30:40,315 INFO sqlalchemy.engine.Engine SELECT "TaiKhoan"."id_TaiKhoan", "TaiKhoan".email, "TaiKhoan"."matKhau", "TaiKhoan"."trangThai", "TaiKhoan"."ngayTao", "TaiKhoan"."id_VaiTro" 
FROM "TaiKhoan" 
WHERE "TaiKhoan"."id_TaiKhoan" = ?
2026-07-11 15:30:40,320 INFO sqlalchemy.engine.Engine [cached since 1895s ago] ('NV002',)
2026-07-11 15:30:40,320 INFO sqlalchemy.engine.Engine SELECT "DonNghiPhep"."id_DonPhep", "DonNghiPhep"."loaiPhep", "DonNghiPhep"."ngayTao", "DonNghiPhep"."tuNgay", "DonNghiPhep"."denNgay", "DonNghiPhep"."trangThai", "DonNghiPhep"."lyDoTuChoi", "DonNghiPhep"."lyDo", "DonNghiPhep"."thoiGianDuyet", "DonNghiPhep"."nguoiDuyet", "DonNghiPhep"."id_NhanVien", "DonNghiPhep"."id_QuyPhep" 
FROM "DonNghiPhep" 
WHERE "DonNghiPhep"."id_NhanVien" = ?
2026-07-11 15:30:40,320 INFO sqlalchemy.engine.Engine [cached since 1222s ago] ('NV002',)
INFO:     127.0.0.1:64939 - "GET /api/nghi-phep/danh-sach?nam=2026&page=1&size=10 HTTP/1.1" 200 OK
2026-07-11 15:30:40,325 INFO sqlalchemy.engine.Engine ROLLBACK
INFO:     127.0.0.1:51552 - "OPTIONS /api/ho-so-ca-nhan/NV002 HTTP/1.1" 200 OK
2026-07-11 15:30:53,933 INFO sqlalchemy.engine.Engine BEGIN (implicit)
2026-07-11 15:30:53,933 INFO sqlalchemy.engine.Engine SELECT "TaiKhoan"."id_TaiKhoan", "TaiKhoan".email, "TaiKhoan"."matKhau", "TaiKhoan"."trangThai", "TaiKhoan"."ngayTao", "TaiKhoan"."id_VaiTro" 
FROM "TaiKhoan" 
WHERE "TaiKhoan"."id_TaiKhoan" = ?
2026-07-11 15:30:53,933 INFO sqlalchemy.engine.Engine [cached since 1909s ago] ('NV002',)
2026-07-11 15:30:53,939 INFO sqlalchemy.engine.Engine SELECT "NhanVien"."id_NhanVien" AS "NhanVien_id_NhanVien", "NhanVien"."hoTen" AS "NhanVien_hoTen", "NhanVien".email AS "NhanVien_email", "NhanVien".sdt AS "NhanVien_sdt", "NhanVien"."maSoThue" AS "NhanVien_maSoThue", "NhanVien"."gioiTinh" AS "NhanVien_gioiTinh", "NhanVien"."diaChi" AS "NhanVien_diaChi", "NhanVien"."ngaySinh" AS "NhanVien_ngaySinh", "NhanVien".cccd AS "NhanVien_cccd", "NhanVien"."trangThaiLamViec" AS "NhanVien_trangThaiLamViec", "NhanVien"."chucVu" AS "NhanVien_chucVu" 
FROM "NhanVien" 
WHERE "NhanVien"."id_NhanVien" = ?
2026-07-11 15:30:53,941 INFO sqlalchemy.engine.Engine [cached since 1245s ago] ('NV002',)
2026-07-11 15:30:53,941 INFO sqlalchemy.engine.Engine SELECT "HopDong"."id_HopDong", "HopDong"."loaiHopDong", "HopDong"."ngayBatDau", "HopDong"."ngayKetThuc", "HopDong"."trangThaiHopDong", "HopDong"."tepHopDong", "HopDong"."id_NhanVien" 
FROM "HopDong" 
WHERE "HopDong"."id_NhanVien" = ? AND "HopDong"."trangThaiHopDong" = ?
2026-07-11 15:30:53,945 INFO sqlalchemy.engine.Engine [cached since 1245s ago] ('NV002', 1)
INFO:     127.0.0.1:51552 - "GET /api/ho-so-ca-nhan/NV002 HTTP/1.1" 200 OK
2026-07-11 15:30:53,949 INFO sqlalchemy.engine.Engine ROLLBACK
2026-07-11 15:31:01,669 INFO sqlalchemy.engine.Engine BEGIN (implicit)
2026-07-11 15:31:01,674 INFO sqlalchemy.engine.Engine SELECT "TaiKhoan"."id_TaiKhoan", "TaiKhoan".email, "TaiKhoan"."matKhau", "TaiKhoan"."trangThai", "TaiKhoan"."ngayTao", "TaiKhoan"."id_VaiTro" 
FROM "TaiKhoan" 
WHERE "TaiKhoan"."id_TaiKhoan" = ?
2026-07-11 15:31:01,675 INFO sqlalchemy.engine.Engine [cached since 1917s ago] ('NV002',)
2026-07-11 15:31:01,681 INFO sqlalchemy.engine.Engine SELECT "QuyPhep"."id_QuyPhep", "QuyPhep"."id_NhanVien", "QuyPhep".nam, "QuyPhep"."tongQuyPhep", "QuyPhep"."soNgayDaDung", "QuyPhep"."soNgayChoDuyet", "QuyPhep"."ngayCapNhat", "QuyPhep"."trangThai" 
FROM "QuyPhep" 
WHERE "QuyPhep"."id_NhanVien" = ? AND "QuyPhep".nam = ?
2026-07-11 15:31:01,683 INFO sqlalchemy.engine.Engine [cached since 1917s ago] ('NV002', 2026)
INFO:     127.0.0.1:65145 - "GET /api/nghi-phep/bang-phep?nam=2026&page=1&size=20 HTTP/1.1" 200 OK
2026-07-11 15:31:01,692 INFO sqlalchemy.engine.Engine ROLLBACK
INFO:     127.0.0.1:65145 - "OPTIONS /api/nghi-phep/lich-su?nam=2026&page=1&size=10 HTTP/1.1" 200 OK
2026-07-11 15:31:03,041 INFO sqlalchemy.engine.Engine BEGIN (implicit)
2026-07-11 15:31:03,041 INFO sqlalchemy.engine.Engine SELECT "TaiKhoan"."id_TaiKhoan", "TaiKhoan".email, "TaiKhoan"."matKhau", "TaiKhoan"."trangThai", "TaiKhoan"."ngayTao", "TaiKhoan"."id_VaiTro" 
FROM "TaiKhoan" 
WHERE "TaiKhoan"."id_TaiKhoan" = ?
2026-07-11 15:31:03,041 INFO sqlalchemy.engine.Engine [cached since 1918s ago] ('NV002',)
2026-07-11 15:31:03,050 INFO sqlalchemy.engine.Engine SELECT "QuyPhep"."id_QuyPhep", "QuyPhep"."id_NhanVien", "QuyPhep".nam, "QuyPhep"."tongQuyPhep", "QuyPhep"."soNgayDaDung", "QuyPhep"."soNgayChoDuyet", "QuyPhep"."ngayCapNhat", "QuyPhep"."trangThai" 
FROM "QuyPhep" 
WHERE "QuyPhep"."id_NhanVien" = ? AND "QuyPhep".nam = ?
2026-07-11 15:31:03,050 INFO sqlalchemy.engine.Engine [cached since 1918s ago] ('NV002', 2026)
2026-07-11 15:31:03,050 INFO sqlalchemy.engine.Engine BEGIN (implicit)
INFO:     127.0.0.1:61315 - "GET /api/nghi-phep/bang-phep?nam=2026&page=1&size=20 HTTP/1.1" 200 OK
2026-07-11 15:31:03,058 INFO sqlalchemy.engine.Engine SELECT "TaiKhoan"."id_TaiKhoan", "TaiKhoan".email, "TaiKhoan"."matKhau", "TaiKhoan"."trangThai", "TaiKhoan"."ngayTao", "TaiKhoan"."id_VaiTro" 
FROM "TaiKhoan" 
WHERE "TaiKhoan"."id_TaiKhoan" = ?
2026-07-11 15:31:03,058 INFO sqlalchemy.engine.Engine ROLLBACK
2026-07-11 15:31:03,058 INFO sqlalchemy.engine.Engine [cached since 1918s ago] ('NV002',)
2026-07-11 15:31:03,062 INFO sqlalchemy.engine.Engine SELECT "DonNghiPhep"."id_DonPhep", "DonNghiPhep"."loaiPhep", "DonNghiPhep"."ngayTao", "DonNghiPhep"."tuNgay", "DonNghiPhep"."denNgay", "DonNghiPhep"."trangThai", "DonNghiPhep"."lyDoTuChoi", "DonNghiPhep"."lyDo", "DonNghiPhep"."thoiGianDuyet", "DonNghiPhep"."nguoiDuyet", "DonNghiPhep"."id_NhanVien", "DonNghiPhep"."id_QuyPhep" 
FROM "DonNghiPhep" 
WHERE "DonNghiPhep"."id_NhanVien" = ?
2026-07-11 15:31:03,066 INFO sqlalchemy.engine.Engine [cached since 1245s ago] ('NV002',)
INFO:     127.0.0.1:65145 - "GET /api/nghi-phep/lich-su?nam=2026&page=1&size=10 HTTP/1.1" 200 OK
2026-07-11 15:31:03,069 INFO sqlalchemy.engine.Engine ROLLBACK
2026-07-11 15:31:04,177 INFO sqlalchemy.engine.Engine BEGIN (implicit)
2026-07-11 15:31:04,214 INFO sqlalchemy.engine.Engine SELECT "TaiKhoan"."id_TaiKhoan", "TaiKhoan".email, "TaiKhoan"."matKhau", "TaiKhoan"."trangThai", "TaiKhoan"."ngayTao", "TaiKhoan"."id_VaiTro" 
FROM "TaiKhoan" 
WHERE "TaiKhoan"."id_TaiKhoan" = ?
2026-07-11 15:31:04,214 INFO sqlalchemy.engine.Engine [cached since 1919s ago] ('NV002',)
2026-07-11 15:31:04,218 INFO sqlalchemy.engine.Engine SELECT "QuyPhep"."id_QuyPhep", "QuyPhep"."id_NhanVien", "QuyPhep".nam, "QuyPhep"."tongQuyPhep", "QuyPhep"."soNgayDaDung", "QuyPhep"."soNgayChoDuyet", "QuyPhep"."ngayCapNhat", "QuyPhep"."trangThai" 
FROM "QuyPhep" 
WHERE "QuyPhep"."id_NhanVien" = ? AND "QuyPhep".nam = ?
2026-07-11 15:31:04,220 INFO sqlalchemy.engine.Engine [cached since 1919s ago] ('NV002', 2026)
INFO:     127.0.0.1:65145 - "GET /api/nghi-phep/bang-phep?nam=2026&page=1&size=20 HTTP/1.1" 200 OK
2026-07-11 15:31:04,222 INFO sqlalchemy.engine.Engine ROLLBACK
INFO:     127.0.0.1:56051 - "OPTIONS /api/phan-quyen/NV001 HTTP/1.1" 200 OK
2026-07-11 15:31:53,216 INFO sqlalchemy.engine.Engine BEGIN (implicit)
2026-07-11 15:31:53,218 INFO sqlalchemy.engine.Engine SELECT "TaiKhoan"."id_TaiKhoan", "TaiKhoan".email, "TaiKhoan"."matKhau", "TaiKhoan"."trangThai", "TaiKhoan"."ngayTao", "TaiKhoan"."id_VaiTro" 
FROM "TaiKhoan" 
WHERE "TaiKhoan"."id_TaiKhoan" = ?
2026-07-11 15:31:53,218 INFO sqlalchemy.engine.Engine [cached since 1968s ago] ('NV002',)
2026-07-11 15:31:53,224 INFO sqlalchemy.engine.Engine ROLLBACK
INFO:     127.0.0.1:56051 - "GET /api/phan-quyen/NV001 HTTP/1.1" 403 Forbidden
2026-07-11 15:31:54,310 INFO sqlalchemy.engine.Engine BEGIN (implicit)
2026-07-11 15:31:54,349 INFO sqlalchemy.engine.Engine SELECT "TaiKhoan"."id_TaiKhoan", "TaiKhoan".email, "TaiKhoan"."matKhau", "TaiKhoan"."trangThai", "TaiKhoan"."ngayTao", "TaiKhoan"."id_VaiTro" 
FROM "TaiKhoan" 
WHERE "TaiKhoan"."id_TaiKhoan" = ?
2026-07-11 15:31:54,352 INFO sqlalchemy.engine.Engine [cached since 1969s ago] ('NV002',)
2026-07-11 15:31:54,354 INFO sqlalchemy.engine.Engine ROLLBACK
INFO:     127.0.0.1:56051 - "GET /api/phan-quyen/NV001 HTTP/1.1" 403 Forbidden
2026-07-11 15:32:06,377 INFO sqlalchemy.engine.Engine BEGIN (implicit)
2026-07-11 15:32:06,411 INFO sqlalchemy.engine.Engine SELECT "TaiKhoan"."id_TaiKhoan", "TaiKhoan".email, "TaiKhoan"."matKhau", "TaiKhoan"."trangThai", "TaiKhoan"."ngayTao", "TaiKhoan"."id_VaiTro" 
FROM "TaiKhoan" 
WHERE "TaiKhoan"."id_TaiKhoan" = ?
2026-07-11 15:32:06,411 INFO sqlalchemy.engine.Engine [cached since 1981s ago] ('NV002',)
2026-07-11 15:32:06,413 INFO sqlalchemy.engine.Engine SELECT "QuyPhep"."id_QuyPhep", "QuyPhep"."id_NhanVien", "QuyPhep".nam, "QuyPhep"."tongQuyPhep", "QuyPhep"."soNgayDaDung", "QuyPhep"."soNgayChoDuyet", "QuyPhep"."ngayCapNhat", "QuyPhep"."trangThai" 
FROM "QuyPhep" 
WHERE "QuyPhep"."id_NhanVien" = ? AND "QuyPhep".nam = ?
2026-07-11 15:32:06,415 INFO sqlalchemy.engine.Engine [cached since 1981s ago] ('NV002', 2026)
INFO:     127.0.0.1:58514 - "GET /api/nghi-phep/bang-phep?nam=2026&page=1&size=20 HTTP/1.1" 200 OK
2026-07-11 15:32:06,416 INFO sqlalchemy.engine.Engine ROLLBACK
